Arguments:
  /home/cdc218/.nvm/versions/node/v14.17.0/bin/node /usr/share/yarn/bin/yarn.js execute:rectify-oarb-reward-deltas

PATH:
  /home/cdc218/.pyenv/plugins/pyenv-virtualenv/shims:/home/cdc218/.pyenv/shims:/home/cdc218/.pyenv/bin:/home/cdc218/.local/bin:/home/cdc218/.nvm/versions/node/v14.17.0/bin:/home/cdc218/.local/share/pnpm:/home/cdc218/.sdkman/candidates/sbt/current/bin:/home/cdc218/.sdkman/candidates/java/current/bin:/usr/local/sbin:/usr/local/bin:/usr/sbin:/usr/bin:/sbin:/bin:/usr/games:/usr/local/games:/usr/lib/wsl/lib:/mnt/c/Program Files/WindowsApps/CanonicalGroupLimited.UbuntuonWindows_2004.2022.1.0_x64__79rhkp1fndgsc:/mnt/c/Windows/system32:/mnt/c/Windows:/mnt/c/Windows/System32/Wbem:/mnt/c/Windows/System32/WindowsPowerShell/v1.0/:/mnt/c/Windows/System32/OpenSSH/:/mnt/c/Program Files/NVIDIA Corporation/NVIDIA NvDLISR:/mnt/c/Program Files (x86)/NVIDIA Corporation/PhysX/Common:/mnt/c/ProgramData/chocolatey/bin:/mnt/c/Program Files (x86)/Intel/Intel(R) Management Engine Components/DAL:/mnt/c/Program Files/Intel/Intel(R) Management Engine Components/DAL:/mnt/c/WINDOWS/system32:/mnt/c/WINDOWS:/mnt/c/WINDOWS/System32/Wbem:/mnt/c/WINDOWS/System32/WindowsPowerShell/v1.0/:/mnt/c/WINDOWS/System32/OpenSSH/:/mnt/c/Program Files/Docker/Docker/resources/bin:/mnt/c/Users/Corey/AppData/Local/Microsoft/WindowsApps:/mnt/c/Program Files/JetBrains/IntelliJ IDEA 2020.2.3/bin:/mnt/c/Program Files/heroku/bin:/snap/bin:/home/cdc218/.foundry/bin:/home/cdc218/projects/dolomite-liquidity-mining-bot/node_modules/.bin:/home/cdc218/.local/lib/python3.8/site-packages:/home/cdc218/.local/bin:/home/cdc218/.foundry/bin

Yarn version:
  1.22.5

Node version:
  14.17.0

Platform:
  linux x64

Trace:
  SyntaxError: /home/cdc218/projects/dolomite-liquidity-mining-bot/package.json: Unexpected string in JSON at position 1685
      at JSON.parse (<anonymous>)
      at /usr/share/yarn/lib/cli.js:1625:59
      at Generator.next (<anonymous>)
      at step (/usr/share/yarn/lib/cli.js:310:30)
      at /usr/share/yarn/lib/cli.js:321:13

npm manifest:
  {
    "name": "liquidity-mining-bot",
    "version": "1.0.0",
    "description": "Microservice to bid on Dolomite liquidation auctions",
    "main": "build/src/index.js",
    "scripts": {
      "test": "NODE_ENV=test jest --runInBand",
      "coverage": "NODE_ENV=test jest --coverage --runInBand --forceExit --coverageReporters=text-lcov | node_modules/.bin/coveralls",
      "build": "rm -rf build/ && node_modules/.bin/tsc",
      "build:docker": "docker build -t dolomiteprotocol/liquidity-mining-bot:latest .",
      "start": "node --max-old-space-size=4096 build/src/index.js",
      "start:ts": "ts-node src/index.ts",
      "lint": "eslint . --ext .js --ignore-path .gitignore",
      "compose-clean": "docker-compose rm -f",
      "migrate": "echo 'Nothing to migrate'",
      "seed": "echo 'Nothing to seed'",
      "execute:calculate-assets-held-for-duration": "SUBGRAPH_URL=https://api.thegraph.com/subgraphs/name/dolomite-exchange/dolomite-v2-arbitrum ENV_FILENAME=.env.local npx ts-node scripts/calculate-assets-held-for-duration.ts",
      "execute:calculate-next-oarb-season-config": "BLOCKS_SUBGRAPH_URL=https://api.thegraph.com/subgraphs/name/sushiswap/arbitrum-blocks ENV_FILENAME=.env.local npx ts-node scripts/calculate-next-oarb-season-config.ts",
      "execute:calculate-oarb-rewards": "SUBGRAPH_URL=https://api.thegraph.com/subgraphs/name/dolomite-exchange/dolomite-v2-arbitrum ENV_FILENAME=.env.local npx ts-node scripts/calculate-oarb-rewards.ts",
      "execute:rectify-oarb-rewards-for-arb": "SUBGRAPH_URL=https://api.thegraph.com/subgraphs/name/dolomite-exchange/dolomite-v2-arbitrum ENV_FILENAME=liquidator.arbitrum-one.production.env npx ts-node scripts/rectify-oarb-rewards-for-arb.ts"
      "execute:rectify-oarb-reward-deltas": "SUBGRAPH_URL=https://api.thegraph.com/subgraphs/name/dolomite-exchange/dolomite-v2-arbitrum ENV_FILENAME=liquidator.arbitrum-one.production.env npx ts-node scripts/rectify-oarb-rewards-for-deltas.ts"
    },
    "repository": {
      "type": "git",
      "url": "git+https://github.com/dolomite-exchange/liquidity-mining-bot.git"
    },
    "author": "Dolomite",
    "license": "Apache-2.0",
    "bugs": {
      "url": "https://github.com/dolomite-exchange/liquidity-mining-bot/issues"
    },
    "homepage": "https://github.com/dolomite-exchange/liquidity-mining-bot#readme",
    "dependencies": {
      "@dolomite-exchange/dolomite-margin": "^0.9.30",
      "@dolomite-exchange/zap-sdk": "^0.1.31",
      "@dolomite-exchange/dolomite-margin-modules": "^0.0.9",
      "axios": "^1.1.3",
      "dotenv-flow": "^0.4.0",
      "ethers": "^5.5.3",
      "lru-cache": "^5.1.1",
      "luxon": "^1.28.1",
      "request-promise-native": "^1.0.9",
      "winston": "^3.2.1",
      "winston-transport": "^4.3.0"
    },
    "devDependencies": {
      "@types/jest": "^24.9.1",
      "@types/node": "^14.0.14",
      "@types/node-fetch": "^2.5.12",
      "@typescript-eslint/eslint-plugin": "^3.10.1",
      "@typescript-eslint/parser": "^3.10.1",
      "coveralls": "^3.0.14",
      "eslint": "^5.16.0",
      "eslint-config-airbnb-base": "^13.2.0",
      "eslint-config-airbnb-typescript": "^8.0.2",
      "eslint-plugin-import": "^2.18.2",
      "eslint-plugin-jest": "^22.21.0",
      "eslint-plugin-jsx-a11y": "^6.3.1",
      "eslint-plugin-react": "^7.20.0",
      "eslint-plugin-react-hooks": "^4.0.4",
      "install": "^0.13.0",
      "jest": "^26.3.0",
      "jest-junit": "^10.0.0",
      "nodemon": "^1.19.4",
      "npm": "^8.1.0",
      "supertest": "^4.0.2",
      "ts-jest": "^26.3.0",
      "ts-node": "^10.9.1",
      "typescript": "^4.7.4"
    }
  }

yarn manifest:
  No manifest

Lockfile:
  No lockfile
